<?xml version="1.0" encoding="UTF-8"?>
<!-- Generated by org.testng.reporters.JUnitReportReporter -->
<testsuite hostname="DESKTOP-1PT1JJB" failures="0" tests="1" name="testpkg.PetstoreTest" time="16.625" errors="0" timestamp="2024-08-01T13:13:43 IST" skipped="0">
  <testcase classname="testpkg.PetstoreTest" name="test" time="16.625"/>
</testsuite> <!-- testpkg.PetstoreTest -->
